Starting OrangeFox Recovery R12.0 [default, core: R12.0] (built on Sun Jul  5 14:03:14 2026 for spaced [dev_ver: 2026-06-13 (449e6efb) (branch: fox_12.1)]; pid 407)
RECOVERY_SDCARD_ON_DATA := true
TW_NO_USB_STORAGE := true
PRODUCT_USE_DYNAMIC_PARTITIONS := true
TW_INCLUDE_CRYPTO := true
I:TW_BRIGHTNESS_PATH := /sys/class/leds/lcd-backlight/brightness
I:Found brightness file at '/sys/class/leds/lcd-backlight/brightness'
I:TWFunc::Set_Brightness: Setting brightness control to 1200
I:TW_EXCLUDE_ENCRYPTED_BACKUPS := true
I:LANG: en
boot command: boot-recovery
I:Startup Commands: 
=> Linking mtab
=> Processing /etc/recovery.fstab
I:Reading /etc/twrp.flags
I:Reading /etc/recovery.fstab
I:Processing '/system'
I:Created '/system_root' folder.
I:Unhandled flag: 'avb=vbmeta_system'
I:Unhandled flag: 'first_stage_mount'
I:Unhandled flag: 'avb_keys=/avb/q-gsi.avbpubkey:/avb/r-gsi.avbpubkey:/avb/s-gsi.avbpubkey'
I:Trying to prepare system from super partition
I:Symlinking /dev/block/dm-0 => /dev/block/bootdevice/by-name/system 
I:Symlinking /dev/block/dm-0 => /dev/block/by-name/system 
I:Processing '/system_ext'
I:Created '/system_ext' folder.
I:Unhandled flag: 'avb'
I:Unhandled flag: 'first_stage_mount'
I:Trying to prepare system_ext from super partition
I:Symlinking /dev/block/dm-4 => /dev/block/bootdevice/by-name/system_ext 
I:Symlinking /dev/block/dm-4 => /dev/block/by-name/system_ext 
I:Processing '/vendor'
I:Unhandled flag: 'avb'
I:Unhandled flag: 'first_stage_mount'
I:Trying to prepare vendor from super partition
I:Symlinking /dev/block/dm-1 => /dev/block/bootdevice/by-name/vendor 
I:Symlinking /dev/block/dm-1 => /dev/block/by-name/vendor 
I:Found an additional entry for '/vendor'
I:Processing '/vendor'
I:Processing '/product'
I:Created '/product' folder.
I:Unhandled flag: 'avb'
I:Unhandled flag: 'first_stage_mount'
I:Trying to prepare product from super partition
I:Symlinking /dev/block/dm-2 => /dev/block/bootdevice/by-name/product 
I:Symlinking /dev/block/dm-2 => /dev/block/by-name/product 
I:Processing '/odm'
I:Unhandled flag: 'avb'
I:Unhandled flag: 'first_stage_mount'
I:Trying to prepare odm from super partition
I:Symlinking /dev/block/dm-3 => /dev/block/bootdevice/by-name/odm 
I:Symlinking /dev/block/dm-3 => /dev/block/by-name/odm 
I:Found an additional entry for '/odm'
I:Processing '/odm'
I:Processing '/data'
I:Unhandled flag: 'latemount'
I:Unhandled flag: 'reservedsize=128m'
I:Unhandled flag: 'checkpoint=fs'
I:FBE contents 'aes-256-xts', filenames 'aes-256-cts:v2+inlinecrypt_optimized'
I:setting Key_Directory to: /metadata/vold/metadata_encryption
I:Unhandled flag: 'fsverity'
I:Processing '/metadata'
I:Unhandled flag: 'first_stage_mount'
I:Processing '/misc'
I:Processing remaining twrp.flags
I:Processing '/boot'
I:Processing '/cache'
I:Created '/cache' folder.
I:Processing '/dtbo'
I:Processing '/external_sd'
I:Created '/external_sd' folder.
I:Processing '/logo'
I:Processing '/nvcfg'
I:Created '/nvcfg' folder.
I:Processing '/nvdata'
I:Created '/nvdata' folder.
I:Processing '/nvram'
I:Processing '/para'
I:Processing '/persist'
I:Created '/persist' folder.
I:Attempt to load settings from /persist settings file...
I:InfoManager loading from '/persist/.foxs'.
I:TWFunc::Set_Brightness: Setting brightness control to 1200
I:PassBak: Found backup
I:Processing '/persistent'
I:Processing '/proinfo'
I:Processing '/protect_f'
I:Created '/protect_f' folder.
I:Processing '/protect_s'
I:Created '/protect_s' folder.
I:Processing '/recovery'
I:Processing '/usb_otg'
I:Created '/usb_otg' folder.
I:Processing '/vbmeta'
I:Processing '/vbmeta_system'
I:Processing '/vbmeta_vendor'
I:Deleting property 'ro.crypto.dm_default_key.options_format.version'
I:Deleting property 'ro.crypto.volume.metadata.method'
I:Deleting property 'ro.crypto.volume.options'
I:Setting 'external_storage.casefold.enabled' to '1' from /vendor/build.prop
I:Setting 'external_storage.sdcardfs.enabled' to '0' from /vendor/build.prop
I:GetFstabPath: /odm/etc/fstab.mt6781
I:GetFstabPath: /vendor/etc/fstab.mt6781
I:Fstab: /vendor/etc/fstab.mt6781
I:Reading /etc/additional.fstab
I:Processing '/data'
I:Unhandled flag: 'reservedsize=128m'
I:Unhandled flag: 'latemount'
I:Unhandled flag: 'checkpoint=fs'
I:FBE contents 'aes-256-xts', filenames 'aes-256-cts:v2+inlinecrypt_optimized'
I:setting Key_Directory to: /metadata/vold/metadata_encryption
I:Unhandled flag: 'fsverity'
I:Ignoring the 'fscompress' fstab flag
I:Unhandled flag: 'readahead_size_kb=128'
I:Processing '/metadata'
I:Unhandled flag: 'first_stage_mount'
I:Unhandled flag: 'readahead_size_kb=128'
I:Done processing fstab files
I:Property ro.boot.product.vendor.sku not found, trying to get vintf manifest file name from ro.board.platform
I:Separate manifest doesn't exist for 'android.hardware.keymaster'
I:/vendor/etc/vintf/manifest_mt6781.xml not found. Using default path for manifest.xml
I:PageManager::LoadFileToBuffer loading filename: '/vendor/etc/vintf/manifest.xml' directly
I:Looking for 'android.hardware.keymaster' service in manifest
I:Found fqname in manifest: @4.1::IKeymasterDevice/default
I:Keymaster_Ver::Using keymaster version '4.x' for decryption
Starting the UI...
Skipping adf graphics -- not present in build tree
width: 1080, height: 2412
setting DRM_FORMAT_XBGR8888 and GGL_PIXEL_FORMAT_RGBA_8888
setting DRM_FORMAT_XBGR8888 and GGL_PIXEL_FORMAT_RGBA_8888
Could not find obj_id = 30
Could not find obj_id = 42
Atomic Commit succeedUsing drm graphics.
I:TWFunc::Set_Brightness: Setting brightness control to 1200
TW_SCREEN_BLANK_ON_BOOT := true
I:TWFunc::Set_Brightness: Setting brightness control to 0
I:TWFunc::Set_Brightness: Setting brightness control to 1200
I:Loading package: splash (/twres/splash.xml)
I:Load XML directly
I:PageManager::LoadFileToBuffer loading filename: '/twres/splash.xml' directly
I:Checking resolution...
I:Scaling theme width 1.000000x and height 1.196354x, offsets x: 0 y: 115 w: 0 h: -115
I:Loading resources...
I:Loading variables...
I:Loading mouse cursor...
I:Loading pages...
I:Loading page splash
I:Switching packages (splash)
I:Can't probe device /dev/block/sdc49
I:Unable to mount '/data'
I:Actual block device: '/dev/block/sdc49', current file system: 'f2fs'
I:Setting up '/data' as data/media emulated storage.
I:Can't probe device /dev/block/sdc49
I:Unable to mount '/data'
I:Actual block device: '/dev/block/sdc49', current file system: 'f2fs'
I:Apex is disabled in this build
I:Backup folder set to '/data/media/Fox/BACKUPS/XOWWPZ4XBURSZXJB'
I:DataManager::SetBackupFolder zip path was /external_sd changing to /sdcard, /external_sd
I:Settings storage is '/data/media'
Using additional fstab for decryption /etc/additional.fstab 
I:Successfully decrypted metadata encrypted data partition with new block device: '/dev/block/dm-5'
I:File Based Encryption is present
Attempting to initialize DE keys
SELinux: Loaded file_contexts
Handle is '6d07de177cca457b'
password type: pattern
I:Android 12+: '/data/system/users/0.xml' has been converted into plain text xml (for user 0).
I:PageManager::LoadFileToBuffer loading filename: '/tmp/converted_xml/0.xml' directly
Handle is '6d07de177cca457b'
password type: pattern
I:Android 12+: '/data/system/users/10.xml' has been converted into plain text xml (for user 10).
I:PageManager::LoadFileToBuffer loading filename: '/tmp/converted_xml/10.xml' directly
Handle is 'f00d038aa7b0ad2a'
password type: password
I:User 0 is not decrypted.
Updating partition details...
I:cmd: /system/bin/exfat-fuse -o big_writes,max_read=131072,max_write=131072 /dev/block/mmcblk0p1 /external_sd
WARN: volume was not unmounted cleanly.
I:Data backup size is 18913MB, free: 60646MB.
...done
/super | /dev/block/by-name/super | Size: 0MB
   Flags: Can_Be_Backed_Up IsPresent Can_Flash_Img 
   Alternate_Block_Device: /dev/block/by-name/super
   Display_Name: super
   Backup_Path: /super
   Backup_Name: super
   Backup_Display_Name: Super (system system_ext vendor product)
   Current_File_System: emmc
   Backup_Method: dd

I:Unmounting main partitions...
I:Loading package: OrangeFox (/twres/ui.xml)
I:Load XML directly
I:PageManager::LoadFileToBuffer loading filename: '/twres/languages/zn_TW.xml' directly
I:PageManager::LoadFileToBuffer loading filename: '/twres/languages/zh_CN.xml' directly
I:PageManager::LoadFileToBuffer loading filename: '/twres/languages/ua.xml' directly
I:PageManager::LoadFileToBuffer loading filename: '/twres/languages/tr.xml' directly
I:PageManager::LoadFileToBuffer loading filename: '/twres/languages/ru.xml' directly
I:PageManager::LoadFileToBuffer loading filename: '/twres/languages/ro.xml' directly
I:PageManager::LoadFileToBuffer loading filename: '/twres/languages/pt_PT.xml' directly
I:PageManager::LoadFileToBuffer loading filename: '/twres/languages/pl.xml' directly
I:PageManager::LoadFileToBuffer loading filename: '/twres/languages/it.xml' directly
I:PageManager::LoadFileToBuffer loading filename: '/twres/languages/id.xml' directly
I:PageManager::LoadFileToBuffer loading filename: '/twres/languages/hu.xml' directly
I:PageManager::LoadFileToBuffer loading filename: '/twres/languages/fr.xml' directly
I:PageManager::LoadFileToBuffer loading filename: '/twres/languages/es-ES.xml' directly
I:PageManager::LoadFileToBuffer loading filename: '/twres/languages/en.xml' directly
I:PageManager::LoadFileToBuffer loading filename: '/twres/languages/el.xml' directly
I:PageManager::LoadFileToBuffer loading filename: '/twres/languages/de.xml' directly
I:PageManager::LoadFileToBuffer loading filename: '/twres/languages/cs.xml' directly
I:PageManager::LoadFileToBuffer loading filename: '/twres/languages/en.xml' directly
parsing languageFile
parsing languageFile done
I:PageManager::LoadFileToBuffer loading filename: '/twres/ui.xml' directly
I:Checking resolution...
I:Scaling theme width 1.000000x and height 1.196354x, offsets x: 0 y: 115 w: 0 h: -115
I:Loading resources...
I:Loading variables...
I:Loading mouse cursor...
I:Loading pages...
I:Including file: /sdcard/Fox/.navbar/navbar.xml...
I:PageManager::LoadFileToBuffer loading filename: '/sdcard/Fox/.navbar/navbar.xml' directly
I:PageManager::LoadFileToBuffer loading filename: '/twres/themes/navbar.xml' directly
I:Loading resources...
I:Loading variables...
I:Loading mouse cursor...
I:Loading pages...
I:Including file: /sdcard/Fox/.theme/font.xml...
I:PageManager::LoadFileToBuffer loading filename: '/sdcard/Fox/.theme/font.xml' directly
I:PageManager::LoadFileToBuffer loading filename: '/twres/themes/font.xml' directly
I:Loading resources...
I:Loading variables...
I:Loading mouse cursor...
I:Loading pages...
I:Including file: /sdcard/Fox/.theme/style.xml...
I:PageManager::LoadFileToBuffer loading filename: '/sdcard/Fox/.theme/style.xml' directly
I:PageManager::LoadFileToBuffer loading filename: '/twres/themes/style.xml' directly
I:Loading resources...
I:Failed to load image from Light/Progress/indeterminate033, error -1
I:Loading variables...
I:Loading mouse cursor...
I:Loading pages...
I:Including file: /sdcard/Fox/.theme/accent.xml...
I:PageManager::LoadFileToBuffer loading filename: '/sdcard/Fox/.theme/accent.xml' directly
I:PageManager::LoadFileToBuffer loading filename: '/twres/themes/accent.xml' directly
I:Loading resources...
I:Loading variables...
I:Loading mouse cursor...
I:Loading pages...
I:Including file: /twres/resources/vars.xml...
I:PageManager::LoadFileToBuffer loading filename: '/twres/resources/vars.xml' directly
I:Loading resources...
I:Loading variables...
I:Loading mouse cursor...
I:Loading pages...
I:Including file: /twres/resources/images.xml...
I:PageManager::LoadFileToBuffer loading filename: '/twres/resources/images.xml' directly
I:Loading resources...
I:Loading variables...
I:Loading mouse cursor...
I:Loading pages...
I:Including file: /twres/resources/styles.xml...
I:PageManager::LoadFileToBuffer loading filename: '/twres/resources/styles.xml' directly
I:Loading resources...
I:Loading variables...
I:Loading mouse cursor...
I:Loading pages...
I:Including file: /twres/pages/templates/base.xml...
I:PageManager::LoadFileToBuffer loading filename: '/twres/pages/templates/base.xml' directly
I:Loading resources...
I:Loading variables...
I:Loading mouse cursor...
I:Loading pages...
I:Including file: /twres/pages/templates/keyboard.xml...
I:PageManager::LoadFileToBuffer loading filename: '/twres/pages/templates/keyboard.xml' directly
I:Loading resources...
I:Loading variables...
I:Loading mouse cursor...
I:Loading pages...
I:Including file: /twres/pages/templates/navbar.xml...
I:PageManager::LoadFileToBuffer loading filename: '/twres/pages/templates/navbar.xml' directly
I:Loading resources...
I:Loading variables...
I:Loading mouse cursor...
I:Loading pages...
I:Including file: /twres/pages/templates/statusbar.xml...
I:PageManager::LoadFileToBuffer loading filename: '/twres/pages/templates/statusbar.xml' directly
I:Loading resources...
I:Loading variables...
I:Loading mouse cursor...
I:Loading pages...
I:Including file: /twres/pages/templates/templates.xml...
I:PageManager::LoadFileToBuffer loading filename: '/twres/pages/templates/templates.xml' directly
I:Loading resources...
I:Loading variables...
I:Loading mouse cursor...
I:Loading pages...
I:Including file: /twres/pages/main.xml...
I:PageManager::LoadFileToBuffer loading filename: '/twres/pages/main.xml' directly
I:Loading resources...
I:Loading variables...
I:Loading mouse cursor...
I:Loading pages...
I:Loading page main
I:Loading page navbar
I:Loading page welcome
I:Loading page aroma_busy
I:Loading page fastboot
I:Including file: /twres/pages/pass.xml...
I:PageManager::LoadFileToBuffer loading filename: '/twres/pages/pass.xml' directly
I:Loading resources...
I:Loading variables...
I:Loading mouse cursor...
I:Loading pages...
I:Loading page password_enter
I:Loading page password_enter_num
I:Loading page password_enter_pattern
I:Loading page password_check
I:Loading page pass_pattern
I:Loading page pass_pattern_2
I:Loading page pass_text
I:Loading page pass_text_2
I:Loading page pass_pin
I:Loading page pass_pin_2
I:Loading page pass_remove
I:Loading page pass_check
I:Including file: /twres/pages/install.xml...
I:PageManager::LoadFileToBuffer loading filename: '/twres/pages/install.xml' directly
I:Loading resources...
I:Loading variables...
I:Loading mouse cursor...
I:Loading pages...
I:Loading page flash_confirm
I:Loading page fox_modules_confirm
I:Loading page queueview
I:Loading page flash_image_confirm
I:Loading page flash_image_ab
I:Loading page add_zip
I:Loading page flash_zip
I:Loading page flash_image
I:Loading page flash_done
I:Loading page flash_sleep_and_reboot
I:Loading page flash_image_done
I:Including file: /twres/pages/wipe.xml...
I:PageManager::LoadFileToBuffer loading filename: '/twres/pages/wipe.xml' directly
I:Loading resources...
I:Loading variables...
I:Loading mouse cursor...
I:Loading pages...
I:Loading page wipe
I:Loading page formatdata
I:Loading page formatdata_confirm
I:Loading page wipe_confirm_action
I:Loading page wipe_action_page
I:Loading page wipe_action_complete
I:Loading page checkpartitionlist
I:Loading page partitionoptions
I:Loading page refreshfilesystem
I:Loading page selectfilesystem
I:Loading page part_options
I:Including file: /twres/pages/backup.xml...
I:PageManager::LoadFileToBuffer loading filename: '/twres/pages/backup.xml' directly
I:Loading resources...
I:Loading variables...
I:Loading mouse cursor...
I:Loading pages...
I:Loading page backup
I:Loading page check_storage_back
I:Loading page backup_prep
I:Loading page backupname
I:Loading page backupname_auto
I:Loading page backup_encryption
I:Loading page backup_encryption2
I:Loading page checkbackuppassword
I:Loading page checkbackuppassword2
I:Loading page backup_run
I:Loading page backup_digest
I:Loading page backup_action_complete
I:Including file: /twres/pages/restore.xml...
I:PageManager::LoadFileToBuffer loading filename: '/twres/pages/restore.xml' directly
I:Loading resources...
I:Loading variables...
I:Loading mouse cursor...
I:Loading pages...
I:Loading page restore
I:Loading page restore_prep
I:Loading page restore_read
I:Loading page restore_decrypt
I:Loading page try_restore_decrypt
I:Loading page restore_select
I:Loading page renamebackup
I:Loading page deletebackup
I:Loading page restore_run
I:Loading page restore_confirm_action
I:Loading page restore_action_page
I:Loading page restore_action_complete
I:Including file: /twres/pages/mount.xml...
I:PageManager::LoadFileToBuffer loading filename: '/twres/pages/mount.xml' directly
I:Loading resources...
I:Loading variables...
I:Loading mouse cursor...
I:Loading pages...
I:Loading page mount
I:Loading page usb_mount
I:Loading page system_readonly_check
I:Loading page system_readonly_check_ext_context
I:Loading page system_readonly
I:Loading page system_readonly_mount
I:Loading page decrypt
I:Loading page decrypt_pin
I:Loading page decrypt_pattern
I:Loading page decrypt_redirect
I:Loading page trydecrypt
I:Loading page reapply_settings
I:Loading page decrypt_users
I:Loading page decrypt_users2
I:Including file: /twres/pages/files.xml...
I:PageManager::LoadFileToBuffer loading filename: '/twres/pages/files.xml' directly
I:Loading resources...
I:Loading variables...
I:Loading mouse cursor...
I:Loading pages...
I:Loading page filemanagerlist
I:Loading page file_quick_actions
I:Loading page select_path
I:Loading page files_mkdir
I:Loading page fm_multiselection
I:Loading page fm_ms_actions
I:Loading page file_search
I:Loading page files_redirect
I:Loading page files_bookmarks_prepare
I:Loading page files_bookmarks
I:Loading page filemanageroptions
I:Loading page openas
I:Loading page fm_file_checksum
I:Loading page fm_file_checksum_calc
I:Loading page fm_file_info
I:Loading page choosedestinationfolder
I:Loading page filemanagerrenamefile
I:Loading page filemanagerrenamefolder
I:Loading page filemanagerchmod
I:Loading page filemanagerchmod_key
I:Loading page filemanagerconfirm
I:Loading page archive_confirm
I:Loading page archive_cmd
I:Loading page filemanageraction
I:Loading page filemanagercomplete
I:Loading page cat_file
I:Including file: /twres/pages/rmmanager.xml...
I:PageManager::LoadFileToBuffer loading filename: '/twres/pages/rmmanager.xml' directly
I:Loading resources...
I:Loading variables...
I:Loading mouse cursor...
I:Loading pages...
I:Loading page modules_mount
I:Loading page modules_unmount
I:Loading page root_modules
I:Loading page module_actions
I:Loading page module_delete
I:Including file: /twres/pages/advanced.xml...
I:PageManager::LoadFileToBuffer loading filename: '/twres/pages/advanced.xml' directly
I:Loading resources...
I:Loading variables...
I:Loading mouse cursor...
I:Loading pages...
I:Loading page advanced
I:Loading page part_manage
I:Loading page mod_survival
I:Loading page mod_factory_rp
I:Loading page mod_magisk
I:Loading page mod_unmagisk
I:Loading page mod_reset
I:Loading page mod_pass
I:Loading page mod_kernelsu
I:Loading page mod_kernelsu_next
I:Loading page mod_sukisu
I:Loading page fox_modules
I:Loading page fox_other_additions
I:Loading page partsdcard
I:Loading page terminal
I:Loading page sideload
I:Loading page fixcontexts
I:Loading page apps_load
I:Loading page apps_list
I:Unable to open '/tmp/listapps/list'
I:Unable to open '/tmp/listapps/list'
I:Including file: /twres/pages/reboot.xml...
I:PageManager::LoadFileToBuffer loading filename: '/twres/pages/reboot.xml' directly
I:Loading resources...
I:Loading variables...
I:Loading mouse cursor...
I:Loading pages...
I:Loading page reboot
I:Loading page set_slot
I:Including file: /twres/pages/settings.xml...
I:PageManager::LoadFileToBuffer loading filename: '/twres/pages/settings.xml' directly
I:Loading resources...
I:Loading variables...
I:Loading mouse cursor...
I:Loading pages...
I:Loading page settings
I:Loading page ext_context
I:Loading page ext_general
I:Loading page pass_select
I:Loading page ext_screen
I:Loading page ext_vibrate
I:Loading page ext_backup
I:Loading page ext_time
I:Loading page ext_time_offset
I:Loading page check_zone
I:Loading page ext_time_lang
I:Loading page ext_time_lang_busy
I:Loading page about
I:Loading page about_credits
I:Parsing file: /twres/credits.txt
I:Parsing file: /twres/translators.txt
I:Parsing file: /twres/changelog.txt
I:Loading page ext_gov
I:Loading page ext_backup_quick
I:Including file: /twres/pages/universal.xml...
I:PageManager::LoadFileToBuffer loading filename: '/twres/pages/universal.xml' directly
I:Loading resources...
I:Loading variables...
I:Loading mouse cursor...
I:Loading pages...
I:Loading page filecheck
I:Loading page rebootcheck
I:Loading page rebootcheckoverlay
I:Loading page no_os_warning
I:Loading page clear_vars
I:Loading page confirm_action
I:Loading page action_page
I:Loading page ota_simple
I:Loading page singleaction_page
I:Loading page action_complete
I:Including file: /twres/pages/anywhere.xml...
I:PageManager::LoadFileToBuffer loading filename: '/twres/pages/anywhere.xml' directly
I:Loading resources...
I:Loading variables...
I:Loading mouse cursor...
I:Loading pages...
I:Loading page lock
I:Loading page console
I:Including file: /twres/pages/dialogs.xml...
I:PageManager::LoadFileToBuffer loading filename: '/twres/pages/dialogs.xml' directly
I:Loading resources...
I:Loading variables...
I:Loading mouse cursor...
I:Loading pages...
I:Loading page menu
I:Loading page menu_sort
I:Loading page fm_sort
I:Loading page dialog_magisk_not_found
I:Loading page dialog_modules_cannot_mount
I:Loading page dialog_reset_average
I:Loading page dialog_lost_info
I:Loading page dialog_app
I:Loading page dialog_error_partition
I:Loading page pass_error
I:Loading page dialog_enable_hw_mode
I:Including file: /twres/pages/customization.xml...
I:PageManager::LoadFileToBuffer loading filename: '/twres/pages/customization.xml' directly
I:Loading resources...
I:Loading variables...
I:Loading mouse cursor...
I:Loading pages...
I:Loading page ext_custom_reset
I:Loading page ext_custom_gest
I:Loading page ext_custom
I:Loading page ext_custom_status
I:Loading page ext_custom_key
I:Loading page ext_custom_lock
I:Loading page ext_custom_nav
I:Loading page ext_custom_other
I:Loading page ext_custom_nav_error
I:Loading page ext_custom_nav_no_switch
I:Loading page ext_custom_fonts_check
I:Loading page ext_custom_fonts
I:Loading page ext_custom_fonts_sec
I:Loading page ext_custom_fonts_size
I:Loading page ext_custom_fonts_cn
I:Loading page ext_custom_theme
I:Loading page ext_custom_splash
I:Loading page ext_custom_splash_color
I:Loading page ext_custom_splash_logo
I:Loading page ext_custom_splash_select
I:Loading page apply_changes
I:Loading page apply_splash
I:Loading page get_splash_info
I:Including file: /twres/pages/fox.xml...
I:PageManager::LoadFileToBuffer loading filename: '/twres/pages/fox.xml' directly
I:Loading resources...
I:Loading variables...
I:Loading mouse cursor...
I:Loading pages...
I:Loading page fox_ota
I:Loading page fox_ota_lite
I:Loading page fox_lab
I:Loading page debug_pages
I:Loading page debug
I:Loading page debug_plus
I:Loading page scaling
I:Including file: /sbin/maintainer.xml...
I:PageManager::LoadFileToBuffer loading filename: '/sbin/maintainer.xml' directly
I:PageManager::LoadFileToBuffer loading filename: '/twres/pages/dummy.xml' directly
I:Loading resources...
I:Loading variables...
I:Loading mouse cursor...
I:Loading pages...
I:Loading page maintainer
I:Set page: 'decrypt_pattern'
I:Switching packages (OrangeFox)
ro.boot.bootreason=kernel_panic
ro.boot.mode=recovery
ro.boot.vbmeta.size=1664
ro.boot.vbmeta.digest=8f779611fb75d35a568bd6e4e6cd2412f60be817e639d8b4c85844755dc01d99
ro.boot.vbmeta.hash_alg=sha256
ro.boot.vbmeta.avb_version=1.2
ro.boot.vbmeta.device_state=unlocked
ro.boot.dtb_idx=0
ro.boot.prjname=21691
ro.boot.selinux=permissive
ro.boot.dtbo_idx=1
ro.boot.hardware=mt6781
ro.boot.sbootstate=on
ro.boot.veritymode=eio
ro.boot.veritymode.managed=yes
ro.boot.boot_devices=bootdevice,soc/11230000.mmc,11230000.mmc,soc/11230000.msdc,11230000.msdc,soc/11270000.ufshci,11270000.ufshci
ro.boot.opt_sim_count=2
ro.boot.meta_log_disable=0
ro.boot.verifiedbootstate=orange
ro.boot.init_fatal_reboot_target=bootloader
ro.baseband=unknown
ro.bootmode=recovery
ro.hardware=mt6781
ro.revision=0
ro.bootloader=unknown
ro.boottime.adbd=5042800230
ro.boottime.init=2486448923
ro.boottime.init.selinux=177583923
ro.boottime.init.first_stage=2047795077
ro.boottime.init.cold_boot_wait=117
ro.boottime.logd=5012889230
ro.boottime.ueventd=4890299307
ro.boottime.mobicore=5064505461
ro.boottime.recovery=5036911307
ro.boottime.keystore2=5018355923
ro.boottime.keymaster-4-0=5067190692
ro.boottime.gatekeeper-1-0=5070213538
ro.boottime.health-hal-2-1=5039179692
ro.boottime.servicemanager=5016005846
ro.boottime.hwservicemanager=5014853846
ro.boottime.vndservicemanager=5017148538
ro.boottime.init.fsck.data=17
ro.boottime.init.mount.data=32
ro.bootimage.build.date.utc=1783260194
ro.odm.build.date=Sun Jul  5 13:13:10 UTC 2026
ro.odm.build.date.utc=1783257190
ro.odm.build.version.incremental=eng.runner.20260705.131555
ro.odm.build.fingerprint=Realme/fox_spaced/spaced:99.87.36/SP2A.220405.004/runner07051313:eng/test-keys
ro.product.odm.name=fox_spaced
ro.product.odm.brand=Realme
ro.product.odm.model=Realme 8i
ro.product.odm.device=spaced
ro.product.odm.manufacturer=Realme
ro.build.id=SP2A.220405.004
ro.build.date=Sun Jul  5 13:13:10 UTC 2026
ro.build.date.utc=1783260194
ro.build.host=runnervmjbsos
ro.build.tags=test-keys
ro.build.type=eng
ro.build.user=runner
ro.build.flavor=fox_spaced-eng
ro.build.display.id=fox_spaced-eng 99.87.36 SP2A.220405.004 eng.runner.20260705.131555 test-keys
ro.build.product=spaced
ro.build.version.sdk=32
ro.build.version.base_os=
ro.build.version.release=99.87.36
ro.build.version.codename=REL
ro.build.version.incremental=eng.runner.20260705.131555
ro.build.version.preview_sdk=0
ro.build.version.all_codenames=REL
ro.build.version.security_patch=2127-12-31
ro.build.version.release_or_codename=99.87.36
ro.build.version.preview_sdk_fingerprint=REL
ro.build.version.min_supported_target_sdk=23
ro.build.description=fox_spaced-eng 99.87.36 SP2A.220405.004 eng.runner.20260705.131555 test-keys
ro.build.characteristics=default
ro.secure=0
ro.system.build.id=SP2A.220405.004
ro.system.build.date=Sun Jul  5 13:13:10 UTC 2026
ro.system.build.date.utc=1783257190
ro.system.build.tags=test-keys
ro.system.build.type=eng
ro.system.build.version.sdk=32
ro.system.build.version.release=99.87.36
ro.system.build.version.incremental=eng.runner.20260705.131555
ro.system.build.version.release_or_codename=99.87.36
ro.system.build.fingerprint=Realme/fox_spaced/spaced:99.87.36/SP2A.220405.004/runner07051313:eng/test-keys
ro.treble.enabled=false
ro.product.cpu.abi=arm64-v8a
ro.product.cpu.abilist=arm64-v8a,armeabi-v7a,armeabi
ro.product.cpu.abilist32=armeabi-v7a,armeabi
ro.product.cpu.abilist64=arm64-v8a
ro.product.name=fox_spaced
ro.product.brand=Realme
ro.product.build.id=SP2A.220405.004
ro.product.build.date=Sun Jul  5 13:13:10 UTC 2026
ro.product.build.date.utc=1783257190
ro.product.build.tags=test-keys
ro.product.build.type=eng
ro.product.build.version.sdk=32
ro.product.build.version.release=99.87.36
ro.product.build.version.incremental=eng.runner.20260705.131555
ro.product.build.version.release_or_codename=99.87.36
ro.product.build.fingerprint=Realme/fox_spaced/spaced:99.87.36/SP2A.220405.004/runner07051313:eng/test-keys
ro.product.model=Realme 8i
ro.product.device=spaced
ro.product.system.name=fox_spaced
ro.product.system.brand=Realme
ro.product.system.model=Realme 8i
ro.product.system.device=spaced
ro.product.system.manufacturer=Realme
ro.product.product.name=fox_spaced
ro.product.product.brand=Realme
ro.product.product.model=Realme 8i
ro.product.product.device=spaced
ro.product.product.manufacturer=Realme
ro.product.system_ext.name=fox_spaced
ro.product.system_ext.brand=Realme
ro.product.system_ext.model=Realme 8i
ro.product.system_ext.device=spaced
ro.product.system_ext.manufacturer=Realme
ro.product.manufacturer=Realme
ro.debuggable=1
ro.system_ext.build.id=SP2A.220405.004
ro.system_ext.build.date=Sun Jul  5 13:13:10 UTC 2026
ro.system_ext.build.date.utc=1783257190
ro.system_ext.build.tags=test-keys
ro.system_ext.build.type=eng
ro.system_ext.build.version.sdk=32
ro.system_ext.build.version.release=99.87.36
ro.system_ext.build.version.incremental=eng.runner.20260705.131555
ro.system_ext.build.version.release_or_codename=99.87.36
ro.system_ext.build.fingerprint=Realme/fox_spaced/spaced:99.87.36/SP2A.220405.004/runner07051313:eng/test-keys
ro.actionable_compatible_property.enabled=true
ro.vendor.build.id=SP2A.220405.004
ro.vendor.build.date=Sun Jul  5 13:13:10 UTC 2026
ro.vendor.build.date.utc=1783257190
ro.vendor.build.tags=test-keys
ro.vendor.build.type=eng
ro.vendor.build.version.sdk=32
ro.vendor.build.version.release=99.87.36
ro.vendor.build.version.incremental=eng.runner.20260705.131555
ro.vendor.build.version.release_or_codename=99.87.36
ro.vendor.build.fingerprint=Realme/fox_spaced/spaced:99.87.36/SP2A.220405.004/runner07051313:eng/test-keys
ro.vendor.product.cpu.abilist=arm64-v8a,armeabi-v7a,armeabi
ro.vendor.product.cpu.abilist32=armeabi-v7a,armeabi
ro.vendor.product.cpu.abilist64=arm64-v8a
ro.product.board=oppo6781
ro.product.vendor.name=fox_spaced
ro.product.vendor.brand=Realme
ro.product.vendor.model=Realme 8i
ro.product.vendor.device=spaced
ro.product.vendor.manufacturer=Realme
ro.cold_boot_done=true
ro.bionic.arch=arm64
ro.bionic.2nd_arch=arm
ro.bionic.cpu_variant=cortex-a76
ro.bionic.2nd_cpu_variant=cortex-a55
ro.dalvik.vm.native.bridge=0
ro.zygote=zygote64_32
dalvik.vm.isa.arm.variant=cortex-a55
dalvik.vm.isa.arm.features=default
dalvik.vm.isa.arm64.variant=cortex-a76
dalvik.vm.isa.arm64.features=default
dalvik.vm.dexopt.secondary=true
dalvik.vm.dexopt.thermal-cutoff=2
dalvik.vm.usejit=true
dalvik.vm.madvise.artfile.size=4294967295
dalvik.vm.madvise.odexfile.size=104857600
dalvik.vm.madvise.vdexfile.size=104857600
dalvik.vm.lockprof.threshold=500
dalvik.vm.dex2oat-Xms=64m
dalvik.vm.dex2oat-Xmx=512m
dalvik.vm.minidebuginfo=true
dalvik.vm.appimageformat=lz4
dalvik.vm.usejitprofiles=true
dalvik.vm.image-dex2oat-Xms=64m
dalvik.vm.image-dex2oat-Xmx=64m
dalvik.vm.image-dex2oat-filter=extract
dalvik.vm.dex2oat-minidebuginfo=true
dalvik.vm.dex2oat-max-image-block-size=524288
dalvik.vm.dex2oat-resolve-startup-strings=true
dalvik.vm.dex2oat-updatable-bcp-packages-file=/system/etc/updatable-bcp-packages.txt
persist.sys.dalvik.vm.lib.2=libart.so
debug.atrace.tags.enableflags=0
ro.sys.usb.mtp.whql.enable=0
ro.sys.usb.bicr=no
ro.sys.usb.storage.type=mtp
ro.sys.usb.charging.only=yes
ro.twrp.target.devices=RMX3151L1,RMX3286,spaced
ro.twrp.fastbootd=0
ro.wifi.channels=
ro.allow.mock.location=1
ro.build.date.utc_fox=1783260194
ro.build.fox_id=97d3bcb5-a429-42c8-8bda-9b02dba786e3
ro.build.selinux=1
ro.build.fox_codebase=2026-06-13 (449e6efb)
ro.iorapd.enable=true
ro.kernel.android.checkjni=1
ro.kernel.version=4.19
ro.system.product.cpu.abilist=arm64-v8a,armeabi-v7a,armeabi
ro.system.product.cpu.abilist32=armeabi-v7a,armeabi
ro.system.product.cpu.abilist64=arm64-v8a
ro.product.locale=en-US
ro.bootimage.build.date.utc_fox=1783260194
ro.fastbootd.available=1
ro.orangefox.boot=1
ro.orangefox.boot.header.version=0
ro.orangefox.type=Unofficial
ro.orangefox.build=orangefox
ro.orangefox.release.version=R12.0
ro.orangefox.variant=default
ro.orangefox.crypto_enabled=1
ro.orangefox.substitute_permissions=1
ro.postinstall.fstab.prefix=/system
fbe.contents=aes-256-xts
fbe.filenames=aes-256-cts:v2+inlinecrypt_optimized
twrp.user.0.decrypt=0
twrp.user.10.decrypt=0
twrp.super.symlinks_created=true
fstab.additional=1
orangefox.super.partition=true
orangefox.crash_counter=0
orangefox.action_complete=0
keymaster_ver=4.x
tw_boot_header_version=0
ro.boot.product.hardware.sku=dsds
ro.boot.dynamic_partitions=true
ro.hwui.use_vulkan=
ro.board.platform=mt6781
ro.carrier=unknown
pm.dexopt.ab-ota=speed-profile
pm.dexopt.shared=speed
pm.dexopt.cmdline=verify
pm.dexopt.install=speed-profile
pm.dexopt.inactive=verify
pm.dexopt.bg-dexopt=speed-profile
pm.dexopt.first-boot=extract
pm.dexopt.install-bulk=speed-profile
pm.dexopt.install-fast=skip
pm.dexopt.install-bulk-secondary=verify
pm.dexopt.install-bulk-downgraded=verify
pm.dexopt.install-bulk-secondary-downgraded=extract
persist.sys.timezone=CET-1;CEST,M3.5.0,M10.5.0
sys.usb.ffs.aio_compat=1
sys.usb.ffs.ready=1
ro.build.fingerprint=Realme/fox_spaced/spaced:99.87.36/SP2A.220405.004/eng.runner.20260705.131555:eng/test-keys
ro.gsid.image_running=0
gsid.image_installed=0
hwservicemanager.ready=true
sys.init.perf_lsm_hooks=1
init.svc.logd=running
init.svc.ueventd=running
init.svc.mobicore=running
init.svc.recovery=running
init.svc.keystore2=running
init.svc.keymaster-4-0=running
init.svc.gatekeeper-1-0=running
init.svc.health-hal-2-1=running
init.svc.servicemanager=running
init.svc.hwservicemanager=running
init.svc.vndservicemanager=running
init.svc.adbd=running
init.svc_debug_pid.adbd=470
init.svc_debug_pid.logd=398
init.svc_debug_pid.ueventd=386
init.svc_debug_pid.mobicore=410
init.svc_debug_pid.recovery=407
init.svc_debug_pid.keystore2=402
init.svc_debug_pid.keymaster-4-0=411
init.svc_debug_pid.gatekeeper-1-0=414
init.svc_debug_pid.health-hal-2-1=408
init.svc_debug_pid.servicemanager=400
init.svc_debug_pid.hwservicemanager=399
init.svc_debug_pid.vndservicemanager=401
keystore.crash_count=0
log.tag.stats_log=I
ro.logd.size.stats=64K
ro.logd.kernel=true
persist.debug.dalvik.vm.core_platform_api_policy=just-warn
pm.dexopt.post-boot=extract
pm.dexopt.boot-after-ota=extract
ro.property_service.version=2
ro.minui.pixel_format=RGBX_8888
ro.minui.overscan_percent=0
ro.boot.serialno=XOWWPZ4XBURSZXJB
ro.serialno=XOWWPZ4XBURSZXJB
service.adb.root=1
external_storage.casefold.enabled=1
external_storage.sdcardfs.enabled=0
dev.mnt.blk.odm=
dev.mnt.blk.data=dm-5
dev.mnt.blk.cache=sdc
dev.mnt.blk.vendor=
dev.mnt.blk.persist=
dev.mnt.blk.product=
dev.mnt.blk.metadata=sdc
dev.mnt.blk.system_ext=
dev.mnt.blk.system_root=
net.bt.name=Android
persist.sys.usb.config=adb
persist.sys.disable_rescue=true
ro.config.ringtone=Ring_Synth_04.ogg
ro.config.alarm_alert=Alarm_Classic.ogg
ro.config.notification_sound=OnTheHunt.ogg
tombstoned.max_tombstone_count=50
persist.traced.enable=1
sys.usb.state=adb
sys.usb.config=adb
sys.usb.configfs=1
sys.usb.controller=musb-hdrc
ro.odm.build.id=SP2A.220405.004
ro.odm.build.tags=test-keys
ro.odm.build.type=eng
ro.odm.build.version.sdk=32
ro.odm.build.version.release=99.87.36
ro.odm.build.version.release_or_codename=99.87.36
ro.odm.product.cpu.abilist=arm64-v8a,armeabi-v7a,armeabi
ro.odm.product.cpu.abilist32=armeabi-v7a,armeabi
ro.odm.product.cpu.abilist64=arm64-v8a
ro.vendor.mtk_trustonic_tee_support=1
vendor.usb.acm_cnt=0
vendor.usb.acm_port0=
vendor.usb.acm_port1=
vendor.usb.acm_enable=0
vendor.usb.controller=musb-hdrc
ro.vendor.build.security_patch=2127-12-31
ro.crypto.volume.filenames_mode=aes-256-cts
ro.crypto.metadata.enabled=true
ro.crypto.fs_crypto_blkdev=/dev/block/dm-5
ro.crypto.support_metadata_encrypt=true
ro.crypto.uses_fs_ioc_add_encryption_key=true
ro.crypto.type=file
ro.crypto.state=encrypted

I:Overriding ro.build.date.utc with value: "0"
I:Overriding ro.bootimage.build.date.utc with value: "0"
I:Overriding ro.vendor.build.date.utc with value: "0"
I:Overriding ro.system.build.date.utc with value: "0"
I:Overriding ro.system_ext.build.date.utc with value: "0"
I:Overriding ro.product.build.date.utc with value: "0"
I:Overriding ro.odm.build.date.utc with value: "0"
I:DEBUG: OrangeFox: running the startup script...
FOX_BUILD_DATE=Sun Jul 5 14:03:14 2026
DEBUG: OrangeFox: FOX_DEVICE=spaced
DEBUG: OrangeFox: FOX_KERNEL=4.19.230-InfixKernel-spaced
DEBUG: OrangeFox: SYSTEM_ROOT=1
DEBUG: OrangeFox: PROPER_SAR=1
DEBUG: OrangeFox: FOX_SCRIPT_DATE=20260324
DEBUG: OrangeFox: ANDROID_SDK=36
DEBUG: OrangeFox: INCREMENTAL_VERSION=1783079742
DEBUG: OrangeFox: RELEASE_VERSION=16
DEBUG: OrangeFox: BUILD_FLAVOR=spaced-user
DEBUG: OrangeFox: ROM_FINGERPRINT=realme/RMX3286/RE54B4L1:13/SP1A.210812.016/R.1c05817+2a8bc:user/release-keys
DEBUG: OrangeFox: check for MIUI.
DEBUG: OrangeFox: detected a Custom ROM.
DEBUG: OrangeFox: Fox properties:
[orangefox.action_complete]: [0]
[orangefox.crash_counter]: [0]
[orangefox.miui.rom]: [0]
[orangefox.postinit.status]: [1]
[orangefox.product.block_device]: [/dev/block/dm-2]
[orangefox.product.mount_point]: [/product]
[orangefox.product.partition]: [1]
[orangefox.rom.sdk]: [36]
[orangefox.super.block_device]: [/dev/block/by-name/super]
[orangefox.super.mount_point]: [/super]
[orangefox.super.partition]: [true]
[orangefox.system.block_device]: [/dev/block/dm-0]
[orangefox.system.fingerprint]: [realme/RMX3286/RE54B4L1:13/SP1A.210812.016/R.1c05817+2a8bc:user/release-keys]
[orangefox.system.incremental]: [1783079742]
[orangefox.system.mount_point]: [/system_root]
[orangefox.system.release]: [16]
[orangefox.vendor.block_device]: [/dev/block/dm-1]
[orangefox.vendor.mount_point]: [/vendor]
[ro.orangefox.boot]: [1]
[ro.orangefox.boot.header.version]: [0]
[ro.orangefox.build]: [orangefox]
[ro.orangefox.crypto_enabled]: [1]
[ro.orangefox.home]: [/sdcard/Fox]
[ro.orangefox.kernel]: [4.19.230-InfixKernel-spaced]
[ro.orangefox.release.version]: [R12.0]
[ro.orangefox.sar]: [1]
[ro.orangefox.settings]: [/sdcard/Fox]
[ro.orangefox.substitute_permissions]: [1]
[ro.orangefox.type]: [Unofficial]
[ro.orangefox.variant]: [default]
I:Process ended with no errors.
I:- Using the ROM's incremental version (1783079742)
I:- Using the ROM's fingerprint (realme/RMX3286/RE54B4L1:13/SP1A.210812.016/R.1c05817+2a8bc:user/release-keys)
I:Process ended with no errors.
copying '/data/misc/keystore/persistent.sqlite' to '/tmp/misc/keystore/persistent.sqlite'
I:Is encrypted, do decrypt page first
I:Switching packages (OrangeFox)
I:Set page: 'decrypt'
I:Set page: 'decrypt_pattern'
I:Set page: 'trydecrypt'
I:operation_start: 'Decrypt'
Attempting to decrypt FBE for user 0...
Attempting to decrypt user
Handle is '6d07de177cca457b'
password type: pattern
Using synthetic password method
Attempting to decrypt user's synthetic password
fscrypt::GetPassword_Token
Is_Weaver
using secdis to decrypt spblob
Attempting to unwrap synthetic password blob
spblob v2 / v3
Attempting to unlock user storage
Attempting to prepare user storage
SELinux: Loaded file_contexts
User 0 Decrypted Successfully!
Free_Return
User 0 Decrypted Successfully
I:User 10 is not decrypted.
Attempting to decrypt FBE for user 10...
Attempting to decrypt user
Handle is 'f00d038aa7b0ad2a'
password type: password
Using synthetic password method
Attempting to decrypt user's synthetic password
fscrypt::GetPassword_Token
Is_Weaver
using secdis to decrypt spblob
Attempting to unwrap synthetic password blob
spblob v2 / v3
Begin Operation failed
failed to unwrapSyntheticPasswordBlob
Free_Return
Attempting to decrypt user
Handle is 'f00d038aa7b0ad2a'
password type: password
Attempting to unlock user storage
fscrypt_unlock_user_key returned fail
Attempting to decrypt user's synthetic password
copying '/data/misc/keystore/persistent.sqlite' to '/tmp/misc/keystore/persistent.sqlite'
Is_Weaver
using secdis to decrypt spblob
Attempting to unwrap synthetic password blob
spblob v2 / v3
Begin Operation failed
failed to unwrapSyntheticPasswordBlob
Free_Return
Failed to decrypt user 10
Data successfully decrypted
I:Backup folder set to '/data/media/0/Fox/BACKUPS/XOWWPZ4XBURSZXJB'
I:New storage path after decryption: /data/media/0
Updating partition details...
I:cmd: /system/bin/exfat-fuse -o big_writes,max_read=131072,max_write=131072 /dev/block/mmcblk0p1 /external_sd
I:Data backup size is 18913MB, free: 60646MB.
...done
/data | /dev/block/dm-5 | Size: 110757MB Used: 18913MB Free: 60646MB Backup Size: 18913MB
   Flags: Can_Be_Mounted Can_Be_Wiped Can_Be_Backed_Up Wipe_During_Factory_Reset Wipe_Available_in_GUI IsPresent Can_Be_Encrypted Is_Encrypted Is_Decrypted Has_Data_Media Can_Encrypt_Backup Use_Userdata_Encryption Is_Storage Is_Settings_Storage 
   Symlink_Path: /data/media/0
   Symlink_Mount_Point: /sdcard
   Primary_Block_Device: /dev/block/sdc49
   Decrypted_Block_Device: /dev/block/dm-5
   Display_Name: Data
   Storage_Name: Internal Storage
   Backup_Path: /data
   Backup_Name: data
   Backup_Display_Name: Data
   Storage_Path: /data/media/0
   Current_File_System: f2fs
   Fstab_File_System: f2fs
   Backup_Method: files
   Mount_Flags: 1030, Mount_Options: discard,fsync_mode=nobarrier,reserve_root=32768,resgid=1065,inlinecrypt
   MTP_Storage_ID: 65539
   Metadata Key Directory: /metadata/vold/metadata_encryption

tw_get_context got selinux context: u:object_r:media_rw_data_file:s0, file: /sdcard/Fox
I:Got default contexts and file mode for storage files.
I:Android 12+: '/data/system/storage.xml' has been converted into plain text xml (/tmp/converted_xml/storage.xml).
I:Decrypt adopted storage starting
I:PageManager::LoadFileToBuffer loading filename: '/tmp/converted_xml/storage.xml' directly
I:successfully loaded /tmp/converted_xml/storage.xml
I:operation_end - status=0
I:Set page: 'main'
I:Set overlay: ''
I:Set page: 'clear_vars'
I:Set page: 'ext_custom_status'
I:Set overlay: ''
I:Set page: 'clear_vars'
I:Set page: 'navbar'
I:Set page: 'filemanagerlist'
SELinux contexts loaded from /file_contexts
Full SELinux support is present.
I:Switching packages (OrangeFox)


Partition Logs:
/system_root | /dev/block/dm-0 | Size: 1347MB Used: 1271MB Free: 75MB Backup Size: 1271MB
   Flags: Can_Be_Mounted IsPresent Mount_Read_Only Is_Super 
   Primary_Block_Device: /dev/block/dm-0
   Display_Name: System
   Storage_Name: System
   Backup_Path: /system_root
   Backup_Name: system
   Backup_Display_Name: System
   Storage_Path: /system_root
   Current_File_System: ext4
   Fstab_File_System: ext4
   Backup_Method: files

/system_ext | /dev/block/dm-4 | Size: 964MB Used: 925MB Free: 39MB Backup Size: 925MB
   Flags: Can_Be_Mounted IsPresent Mount_Read_Only Is_Super 
   Primary_Block_Device: /dev/block/dm-4
   Display_Name: System_EXT
   Storage_Name: System_EXT
   Backup_Path: /system_ext
   Backup_Name: System_EXT
   Backup_Display_Name: System_EXT
   Storage_Path: /system_ext
   Current_File_System: ext4
   Fstab_File_System: ext4
   Backup_Method: files

/vendor | /dev/block/dm-1 | Size: 258MB Used: 258MB Free: 0MB Backup Size: 258MB
   Flags: Can_Be_Mounted IsPresent Mount_Read_Only Is_Super 
   Primary_Block_Device: /dev/block/dm-1
   Display_Name: Vendor
   Storage_Name: Vendor
   Backup_Path: /vendor
   Backup_Name: vendor
   Backup_Display_Name: Vendor
   Storage_Path: /vendor
   Current_File_System: erofs
   Fstab_File_System: ext4
   Backup_Method: files

/product | /dev/block/dm-2 | Size: 886MB Used: 510MB Free: 376MB Backup Size: 510MB
   Flags: Can_Be_Mounted IsPresent Mount_Read_Only Is_Super 
   Primary_Block_Device: /dev/block/dm-2
   Display_Name: Product
   Storage_Name: Product
   Backup_Path: /product
   Backup_Name: Product
   Backup_Display_Name: Product
   Storage_Path: /product
   Current_File_System: ext4
   Fstab_File_System: ext4
   Backup_Method: files

/odm | /dev/block/dm-3 | Size: 106MB Used: 106MB Free: 0MB Backup Size: 106MB
   Flags: Can_Be_Mounted IsPresent Mount_Read_Only Is_Super 
   Primary_Block_Device: /dev/block/dm-3
   Display_Name: ODM
   Storage_Name: ODM
   Backup_Path: /odm
   Backup_Name: ODM
   Backup_Display_Name: ODM
   Storage_Path: /odm
   Current_File_System: erofs
   Fstab_File_System: ext4
   Backup_Method: files

/misc | /dev/block/sdc2 | Size: 0MB
   Flags: IsPresent 
   Primary_Block_Device: /dev/block/sdc2
   Display_Name: misc
   Storage_Name: misc
   Backup_Path: /misc
   Backup_Name: misc
   Backup_Display_Name: misc
   Storage_Path: /misc
   Current_File_System: emmc
   Fstab_File_System: emmc
   Backup_Method: dd

/boot | /dev/block/sdc42 | Size: 32MB
   Flags: Can_Be_Backed_Up IsPresent Can_Flash_Img 
   Primary_Block_Device: /dev/block/sdc42
   Display_Name: Boot
   Storage_Name: Boot
   Backup_Path: /boot
   Backup_Name: boot
   Backup_Display_Name: Boot
   Storage_Path: /boot
   Current_File_System: emmc
   Fstab_File_System: emmc
   Backup_Method: dd

/cache | /dev/block/sdc48 | Size: 402MB Used: 0MB Free: 402MB Backup Size: 0MB
   Flags: Can_Be_Mounted Can_Be_Wiped Can_Be_Backed_Up Wipe_During_Factory_Reset Wipe_Available_in_GUI IsPresent 
   Primary_Block_Device: /dev/block/sdc48
   Display_Name: Cache
   Storage_Name: Cache
   Backup_Path: /cache
   Backup_Name: cache
   Backup_Display_Name: Cache
   Storage_Path: /cache
   Current_File_System: ext4
   Fstab_File_System: ext4
   Backup_Method: files

/dtbo | /dev/block/sdc44 | Size: 8MB
   Flags: Can_Be_Backed_Up IsPresent Can_Flash_Img 
   Primary_Block_Device: /dev/block/sdc44
   Display_Name: DTBO
   Storage_Name: DTBO
   Backup_Path: /dtbo
   Backup_Name: dtbo
   Backup_Display_Name: DTBO
   Storage_Path: /dtbo
   Current_File_System: emmc
   Fstab_File_System: emmc
   Backup_Method: dd

/external_sd | /dev/block/mmcblk0p1 | Size: 60890MB Used: 43526MB Free: 17363MB Backup Size: 43526MB
   Flags: Can_Be_Mounted Can_Be_Wiped Wipe_Available_in_GUI Removable IsPresent Is_Storage 
   Primary_Block_Device: /dev/block/mmcblk0p1
   Alternate_Block_Device: /dev/block/mmcblk0p1
   Display_Name: external_sd
   Storage_Name: external_sd
   Backup_Path: /external_sd
   Backup_Name: external_sd
   Backup_Display_Name: external_sd
   Storage_Path: /external_sd
   Current_File_System: exfat
   Fstab_File_System: auto
   Backup_Method: files
   MTP_Storage_ID: 65537

/logo | /dev/block/sdc43 | Size: 8MB
   Flags: IsPresent 
   Primary_Block_Device: /dev/block/sdc43
   Display_Name: logo
   Storage_Name: logo
   Backup_Path: /logo
   Backup_Name: logo
   Backup_Display_Name: logo
   Storage_Path: /logo
   Current_File_System: emmc
   Fstab_File_System: emmc
   Backup_Method: dd

/nvcfg | /dev/block/sdc13 | Size: 26MB Used: 0MB Free: 26MB Backup Size: 0MB
   Flags: Can_Be_Mounted Can_Be_Wiped Can_Be_Backed_Up Is_SubPartition IsPresent 
   SubPartition_Of: /nvram
   Primary_Block_Device: /dev/block/sdc13
   Display_Name: NvCfg
   Storage_Name: NvCfg
   Backup_Path: /nvcfg
   Backup_Name: nvcfg
   Backup_Display_Name: NvCfg
   Storage_Path: /nvcfg
   Current_File_System: ext4
   Fstab_File_System: ext4
   Backup_Method: files

/nvdata | /dev/block/sdc14 | Size: 57MB Used: 4MB Free: 53MB Backup Size: 4MB
   Flags: Can_Be_Mounted Can_Be_Wiped Can_Be_Backed_Up Is_SubPartition IsPresent 
   SubPartition_Of: /nvram
   Primary_Block_Device: /dev/block/sdc14
   Display_Name: NvData
   Storage_Name: NvData
   Backup_Path: /nvdata
   Backup_Name: nvdata
   Backup_Display_Name: NvData
   Storage_Path: /nvdata
   Current_File_System: ext4
   Fstab_File_System: ext4
   Backup_Method: files

/nvram | /dev/block/sdc24 | Size: 64MB
   Flags: Can_Be_Backed_Up Has_SubPartition IsPresent 
   Primary_Block_Device: /dev/block/sdc24
   Display_Name: NvRam
   Storage_Name: NvRam
   Backup_Path: /nvram
   Backup_Name: nvram
   Backup_Display_Name: NvRam
   Storage_Path: /nvram
   Current_File_System: emmc
   Fstab_File_System: emmc
   Backup_Method: dd

/para | /dev/block/sdc3 | Size: 0MB
   Flags: IsPresent 
   Primary_Block_Device: /dev/block/sdc3
   Display_Name: para
   Storage_Name: para
   Backup_Path: /para
   Backup_Name: para
   Backup_Display_Name: para
   Storage_Path: /para
   Current_File_System: emmc
   Fstab_File_System: emmc
   Backup_Method: dd

/persist | /dev/block/sdc17 | Size: 44MB Used: 0MB Free: 44MB Backup Size: 0MB
   Flags: Can_Be_Mounted Can_Be_Wiped Can_Be_Backed_Up IsPresent 
   Primary_Block_Device: /dev/block/sdc17
   Display_Name: Persist
   Storage_Name: Persist
   Backup_Path: /persist
   Backup_Name: persist
   Backup_Display_Name: Persist
   Storage_Path: /persist
   Current_File_System: ext4
   Fstab_File_System: ext4
   Backup_Method: files

/persistent | /dev/block/sdc9 | Size: 1MB
   Flags: IsPresent 
   Primary_Block_Device: /dev/block/sdc9
   Display_Name: persistent
   Storage_Name: persistent
   Backup_Path: /persistent
   Backup_Name: persistent
   Backup_Display_Name: persistent
   Storage_Path: /persistent
   Current_File_System: emmc
   Fstab_File_System: emmc
   Backup_Method: dd

/proinfo | /dev/block/sdc23 | Size: 3MB
   Flags: IsPresent 
   Primary_Block_Device: /dev/block/sdc23
   Display_Name: proinfo
   Storage_Name: proinfo
   Backup_Path: /proinfo
   Backup_Name: proinfo
   Backup_Display_Name: proinfo
   Storage_Path: /proinfo
   Current_File_System: emmc
   Fstab_File_System: emmc
   Backup_Method: dd

/protect_f | /dev/block/sdc18 | Size: 3MB Used: 0MB Free: 3MB Backup Size: 0MB
   Flags: Can_Be_Mounted Can_Be_Wiped Can_Be_Backed_Up IsPresent 
   Primary_Block_Device: /dev/block/sdc18
   Display_Name: Protect_F
   Storage_Name: Protect_F
   Backup_Path: /protect_f
   Backup_Name: protect_f
   Backup_Display_Name: Protect_F
   Storage_Path: /protect_f
   Current_File_System: ext4
   Fstab_File_System: ext4
   Backup_Method: files

/protect_s | /dev/block/sdc19 | Size: 3MB Used: 0MB Free: 3MB Backup Size: 0MB
   Flags: Can_Be_Mounted Can_Be_Wiped Can_Be_Backed_Up IsPresent 
   Primary_Block_Device: /dev/block/sdc19
   Display_Name: Protect_S
   Storage_Name: Protect_S
   Backup_Path: /protect_s
   Backup_Name: protect_s
   Backup_Display_Name: Protect_S
   Storage_Path: /protect_s
   Current_File_System: ext4
   Fstab_File_System: ext4
   Backup_Method: files

/recovery | /dev/block/sdc1 | Size: 128MB
   Flags: Can_Be_Backed_Up IsPresent Can_Flash_Img 
   Primary_Block_Device: /dev/block/sdc1
   Display_Name: Recovery
   Storage_Name: Recovery
   Backup_Path: /recovery
   Backup_Name: recovery
   Backup_Display_Name: Recovery
   Storage_Path: /recovery
   Current_File_System: emmc
   Fstab_File_System: emmc
   Backup_Method: dd

/usb_otg |  | Size: 0MB Used: 0MB Free: 0MB Backup Size: 0MB
   Flags: Can_Be_Mounted Can_Be_Wiped Wipe_Available_in_GUI Removable Is_Storage 
   Primary_Block_Device: /dev/block/sdd1
   Alternate_Block_Device: /dev/block/sdd
   Display_Name: USB Storage
   Storage_Name: USB Storage
   Backup_Path: /usb_otg
   Backup_Name: usb_otg
   Backup_Display_Name: USB Storage
   Storage_Path: /usb_otg
   Current_File_System: auto
   Fstab_File_System: auto
   Backup_Method: files
   Mount_Flags: 0, Mount_Options: utf8
   MTP_Storage_ID: 65538

/vbmeta | /dev/block/sdc10 | Size: 8MB
   Flags: Can_Be_Backed_Up IsPresent Can_Flash_Img 
   Primary_Block_Device: /dev/block/sdc10
   Display_Name: VBMeta
   Storage_Name: VBMeta
   Backup_Path: /vbmeta
   Backup_Name: vbmeta
   Backup_Display_Name: VBMeta
   Storage_Path: /vbmeta
   Current_File_System: emmc
   Fstab_File_System: emmc
   Backup_Method: dd

/vbmeta_system | /dev/block/sdc11 | Size: 8MB
   Flags: Can_Be_Backed_Up IsPresent Can_Flash_Img 
   Primary_Block_Device: /dev/block/sdc11
   Display_Name: Vbmeta System
   Storage_Name: Vbmeta System
   Backup_Path: /vbmeta_system
   Backup_Name: vbmeta_system
   Backup_Display_Name: Vbmeta System
   Storage_Path: /vbmeta_system
   Current_File_System: emmc
   Fstab_File_System: emmc
   Backup_Method: dd

/vbmeta_vendor | /dev/block/sdc12 | Size: 8MB
   Flags: Can_Be_Backed_Up IsPresent Can_Flash_Img 
   Primary_Block_Device: /dev/block/sdc12
   Display_Name: Vbmeta Vendor
   Storage_Name: Vbmeta Vendor
   Backup_Path: /vbmeta_vendor
   Backup_Name: vbmeta_vendor
   Backup_Display_Name: Vbmeta Vendor
   Storage_Path: /vbmeta_vendor
   Current_File_System: emmc
   Fstab_File_System: emmc
   Backup_Method: dd

/data | /dev/block/dm-5 | Size: 110757MB Used: 18913MB Free: 60646MB Backup Size: 18913MB
   Flags: Can_Be_Mounted Can_Be_Wiped Can_Be_Backed_Up Wipe_During_Factory_Reset Wipe_Available_in_GUI IsPresent Can_Be_Encrypted Is_Encrypted Is_Decrypted Has_Data_Media Can_Encrypt_Backup Use_Userdata_Encryption Is_Storage Is_Settings_Storage 
   Symlink_Path: /data/media/0
   Symlink_Mount_Point: /sdcard
   Primary_Block_Device: /dev/block/sdc49
   Decrypted_Block_Device: /dev/block/dm-5
   Display_Name: Data
   Storage_Name: Internal Storage
   Backup_Path: /data
   Backup_Name: data
   Backup_Display_Name: Data
   Storage_Path: /data/media/0
   Current_File_System: f2fs
   Fstab_File_System: f2fs
   Backup_Method: files
   Mount_Flags: 1030, Mount_Options: discard,fsync_mode=nobarrier,reserve_root=32768,resgid=1065,inlinecrypt
   MTP_Storage_ID: 65539
   Metadata Key Directory: /metadata/vold/metadata_encryption

/metadata | /dev/block/sdc16 | Size: 26MB Used: 1MB Free: 25MB Backup Size: 1MB
   Flags: Can_Be_Mounted Can_Be_Wiped Wipe_Available_in_GUI IsPresent 
   Primary_Block_Device: /dev/block/sdc16
   Display_Name: Metadata
   Storage_Name: Metadata
   Backup_Path: /metadata
   Backup_Name: metadata
   Backup_Display_Name: Metadata
   Storage_Path: /metadata
   Current_File_System: ext4
   Fstab_File_System: ext4
   Backup_Method: files
   Mount_Flags: 1030, Mount_Options: discard,data=journal,commit=1

/super | /dev/block/by-name/super | Size: 9728MB
   Flags: Can_Be_Backed_Up IsPresent Can_Flash_Img 
   Alternate_Block_Device: /dev/block/by-name/super
   Display_Name: super
   Backup_Path: /super
   Backup_Name: super
   Backup_Display_Name: Super (system system_ext vendor product)
   Current_File_System: emmc
   Backup_Method: dd

I:Attempt to load settings from settings file...
I:InfoManager loading from '/sdcard/Fox/.foxs'.
I:Backup folder set to '/external_sd/Fox/BACKUPS/XOWWPZ4XBURSZXJB'
I:Version number saved to '/cache/recovery/.version'
I:cmd: /system/bin/exfat-fuse -o big_writes,max_read=131072,max_write=131072 /dev/block/mmcblk0p1 /external_sd
I:Unable to mount '/usb_otg'
I:Actual block device: '', current file system: 'auto'
I:TWFunc::Set_Brightness: Setting brightness control to 1200
I:PassBak: Loaded backup
--------------------------
Welcome to OrangeFox Recovery!
[Release]   : R12.0
[Variant]   : default
[Codebase]  : 32, 2026-06-13 (449e6efb)
[Branch]    : fox_12.1
[Build date]: Sun Jul  5 14:03:14 2026
[Build type]: Unofficial
[Support]   : No official support for unknown builds

OrangeFox websites:
[Downloads] : https://orangefox.download/
[Guides/FAQ]: https://wiki.orangefox.tech/guides/
--------------------------
I:DEBUG: OrangeFox: the startup script has been executed.
* Storage is encrypted
* Platform:   spaced
* Device:     spaced (spaced)
* Dynamic:    yes
* Custom ROM (SDK:36, Android 16)
* BP4A.251205.006 release-keys
* (1783079742)
* Fingerprint: realme/RMX3286/RE54B4L1:13/SP1A.210812.016/R.1c05817+2a8bc:user/release-keys
--------------------------
I:ROM Status: BP4A.251205.006 release-keys
I:Themes version: 2.0
I:Starting MTP
I:[MTP] Starting MTP
I:sending message to add 65537 '/external_sd' 'external_sd'
I:Message sent, add storage ID: 65537 '/external_sd'
I:sending message to add 65539 '/data/media/0' 'Internal Storage'
I:Message sent, add storage ID: 65539 '/data/media/0'
MTP is enabled
I:Attempt to load settings from settings file...
I:InfoManager loading from '/sdcard/Fox/.foxs'.
I:Backup folder set to '/external_sd/Fox/BACKUPS/XOWWPZ4XBURSZXJB'
I:Version number saved to '/cache/recovery/.version'
I:Unable to mount '/usb_otg'
I:Actual block device: '', current file system: 'auto'
I:TWFunc::Set_Brightness: Setting brightness control to 1200
I:PassBak: Loaded backup
I:Starting Adb Backup FIFO
I:PassBak: Loaded backup
I:OrangeFox: Disabling stock recovery [search-dir=/system_root/system]...
I:OrangeFox: checking /system_root/system ...
I:OrangeFox: checking /system ...
I:OrangeFox: checking /vendor ...
I:[MTP] created new mtpserver object
E:[MTP] Failed to start usb driver!
I:[MTP] mtppipe add storage 65537 '/external_sd'
I:[MTP] mtppipe add storage 65539 '/data/media/0'
I:PageManager::LoadFileToBuffer loading filename: '/twres/languages/en.xml' directly
parsing languageFile
parsing languageFile done
I:Translating partition display names
I:Backup folder set to '/external_sd/Fox/BACKUPS/XOWWPZ4XBURSZXJB'
I:Switching packages (OrangeFox)
I:Set page: 'main'
I:Set overlay: ''
I:Set page: 'clear_vars'
I:Set page: 'ext_custom_status'
I:Set overlay: ''
I:Set page: 'clear_vars'
I:Set page: 'navbar'
I:Set page: 'filemanagerlist'
I:Set page: 'advanced'
I:Set page: 'confirm_action'
I:Backup folder set to '/external_sd/Fox/BACKUPS/XOWWPZ4XBURSZXJB'
I:Set page: 'action_page'
I:operation_start: 'Copy Log'
