Starting OrangeFox Recovery R12.0 [default, core: R12.0] (built on Mon Jul  6 00:36:33 2026 for spaced [dev_ver: 2026-06-13 (449e6efb) (branch: fox_12.1)]; pid 407)
RECOVERY_SDCARD_ON_DATA := true
TW_NO_USB_STORAGE := true
PRODUCT_USE_DYNAMIC_PARTITIONS := true
TW_INCLUDE_CRYPTO := true
I:TW_BRIGHTNESS_PATH := /sys/class/leds/lcd-backlight/brightness
I:Found brightness file at '/sys/class/leds/lcd-backlight/brightness'
I:TWFunc::Set_Brightness: Setting brightness control to 1200
I:TW_EXCLUDE_ENCRYPTED_BACKUPS := true
I:LANG: en
boot command: boot-recovery
I:Startup Commands: 
=> Linking mtab
=> Processing /etc/recovery.fstab
I:Reading /etc/twrp.flags
I:Reading /etc/recovery.fstab
I:Processing '/system'
I:Created '/system_root' folder.
I:Unhandled flag: 'avb=vbmeta_system'
I:Unhandled flag: 'first_stage_mount'
I:Unhandled flag: 'avb_keys=/avb/q-gsi.avbpubkey:/avb/r-gsi.avbpubkey:/avb/s-gsi.avbpubkey'
I:Trying to prepare system from super partition
I:Symlinking /dev/block/dm-0 => /dev/block/bootdevice/by-name/system 
I:Symlinking /dev/block/dm-0 => /dev/block/by-name/system 
I:Processing '/system_ext'
I:Created '/system_ext' folder.
I:Unhandled flag: 'avb'
I:Unhandled flag: 'first_stage_mount'
I:Trying to prepare system_ext from super partition
I:Symlinking /dev/block/dm-4 => /dev/block/bootdevice/by-name/system_ext 
I:Symlinking /dev/block/dm-4 => /dev/block/by-name/system_ext 
I:Processing '/vendor'
I:Unhandled flag: 'avb'
I:Unhandled flag: 'first_stage_mount'
I:Trying to prepare vendor from super partition
I:Symlinking /dev/block/dm-1 => /dev/block/bootdevice/by-name/vendor 
I:Symlinking /dev/block/dm-1 => /dev/block/by-name/vendor 
I:Found an additional entry for '/vendor'
I:Processing '/vendor'
I:Processing '/product'
I:Created '/product' folder.
I:Unhandled flag: 'avb'
I:Unhandled flag: 'first_stage_mount'
I:Trying to prepare product from super partition
I:Symlinking /dev/block/dm-2 => /dev/block/bootdevice/by-name/product 
I:Symlinking /dev/block/dm-2 => /dev/block/by-name/product 
I:Processing '/odm'
I:Unhandled flag: 'avb'
I:Unhandled flag: 'first_stage_mount'
I:Trying to prepare odm from super partition
I:Symlinking /dev/block/dm-3 => /dev/block/bootdevice/by-name/odm 
I:Symlinking /dev/block/dm-3 => /dev/block/by-name/odm 
I:Found an additional entry for '/odm'
I:Processing '/odm'
I:Processing '/data'
I:Unhandled flag: 'latemount'
I:Unhandled flag: 'reservedsize=128m'
I:Unhandled flag: 'checkpoint=fs'
I:FBE contents 'aes-256-xts', filenames 'aes-256-cts:v2+inlinecrypt_optimized'
I:setting Key_Directory to: /metadata/vold/metadata_encryption
I:Unhandled flag: 'fsverity'
I:Processing '/metadata'
I:Unhandled flag: 'first_stage_mount'
I:Processing '/misc'
I:Processing remaining twrp.flags
I:Processing '/boot'
I:Processing '/cache'
I:Created '/cache' folder.
I:Processing '/dtbo'
I:Processing '/external_sd'
I:Created '/external_sd' folder.
I:Processing '/logo'
I:Processing '/nvcfg'
I:Created '/nvcfg' folder.
I:Processing '/nvdata'
I:Created '/nvdata' folder.
I:Processing '/nvram'
I:Processing '/para'
I:Processing '/persist'
I:Created '/persist' folder.
I:Attempt to load settings from /persist settings file...
I:InfoManager loading from '/persist/.foxs'.
I:TWFunc::Set_Brightness: Setting brightness control to 1200
I:PassBak: Found backup
I:Processing '/persistent'
I:Processing '/proinfo'
I:Processing '/protect_f'
I:Created '/protect_f' folder.
I:Processing '/protect_s'
I:Created '/protect_s' folder.
I:Processing '/recovery'
I:Processing '/usb_otg'
I:Created '/usb_otg' folder.
I:Processing '/vbmeta'
I:Processing '/vbmeta_system'
I:Processing '/vbmeta_vendor'
I:Deleting property 'ro.crypto.dm_default_key.options_format.version'
I:Deleting property 'ro.crypto.volume.metadata.method'
I:Deleting property 'ro.crypto.volume.options'
I:Setting 'external_storage.casefold.enabled' to '1' from /vendor/build.prop
I:Setting 'external_storage.sdcardfs.enabled' to '0' from /vendor/build.prop
I:GetFstabPath: /odm/etc/fstab.mt6781
I:GetFstabPath: /vendor/etc/fstab.mt6781
I:Fstab: /vendor/etc/fstab.mt6781
I:Reading /etc/additional.fstab
I:Processing '/data'
I:Unhandled flag: 'reservedsize=128m'
I:Unhandled flag: 'latemount'
I:Unhandled flag: 'checkpoint=fs'
I:FBE contents 'aes-256-xts', filenames 'aes-256-cts:v2+inlinecrypt_optimized'
I:setting Key_Directory to: /metadata/vold/metadata_encryption
I:Unhandled flag: 'fsverity'
I:Ignoring the 'fscompress' fstab flag
I:Unhandled flag: 'readahead_size_kb=128'
I:Processing '/metadata'
I:Unhandled flag: 'first_stage_mount'
I:Unhandled flag: 'readahead_size_kb=128'
I:Done processing fstab files
I:Property ro.boot.product.vendor.sku not found, trying to get vintf manifest file name from ro.board.platform
I:Separate manifest doesn't exist for 'android.hardware.keymaster'
I:/vendor/etc/vintf/manifest_mt6781.xml not found. Using default path for manifest.xml
I:PageManager::LoadFileToBuffer loading filename: '/vendor/etc/vintf/manifest.xml' directly
I:Looking for 'android.hardware.keymaster' service in manifest
I:Found fqname in manifest: @4.1::IKeymasterDevice/default
I:Keymaster_Ver::Using keymaster version '4.x' for decryption
Starting the UI...
Skipping adf graphics -- not present in build tree
width: 1080, height: 2412
setting DRM_FORMAT_XBGR8888 and GGL_PIXEL_FORMAT_RGBA_8888
setting DRM_FORMAT_XBGR8888 and GGL_PIXEL_FORMAT_RGBA_8888
Could not find obj_id = 30
Could not find obj_id = 42
Atomic Commit succeedUsing drm graphics.
I:TWFunc::Set_Brightness: Setting brightness control to 1200
TW_SCREEN_BLANK_ON_BOOT := true
I:TWFunc::Set_Brightness: Setting brightness control to 0
I:TWFunc::Set_Brightness: Setting brightness control to 1200
I:Loading package: splash (/twres/splash.xml)
I:Load XML directly
I:PageManager::LoadFileToBuffer loading filename: '/twres/splash.xml' directly
I:Checking resolution...
I:Scaling theme width 1.000000x and height 1.196354x, offsets x: 0 y: 115 w: 0 h: -115
I:Loading resources...
I:Loading variables...
I:Loading mouse cursor...
I:Loading pages...
I:Loading page splash
I:Switching packages (splash)
I:Can't probe device /dev/block/sdc49
I:Unable to mount '/data'
I:Actual block device: '/dev/block/sdc49', current file system: 'f2fs'
I:Setting up '/data' as data/media emulated storage.
I:Can't probe device /dev/block/sdc49
I:Unable to mount '/data'
I:Actual block device: '/dev/block/sdc49', current file system: 'f2fs'
I:Apex is disabled in this build
I:Backup folder set to '/data/media/Fox/BACKUPS/XOWWPZ4XBURSZXJB'
I:DataManager::SetBackupFolder zip path was /external_sd/Apex changing to /sdcard, /external_sd
I:Settings storage is '/data/media'
Using additional fstab for decryption /etc/additional.fstab 
